CRITICAL - 2021-09-23 10:47:09 --> Class "CodeIgniter\Language\Language" not found
#0 C:\xampp\htdocs\ResponsiWebLanjut-main\system\Config\BaseService.php(248): CodeIgniter\Config\Services::language('en', false)
#1 C:\xampp\htdocs\ResponsiWebLanjut-main\system\Config\BaseService.php(189): CodeIgniter\Config\BaseService::__callStatic('language', Array)
#2 C:\xampp\htdocs\ResponsiWebLanjut-main\system\Config\Services.php(339): CodeIgniter\Config\BaseService::getSharedInstance('language', NULL)
#3 C:\xampp\htdocs\ResponsiWebLanjut-main\system\Config\BaseService.php(248): CodeIgniter\Config\Services::language(NULL)
#4 C:\xampp\htdocs\ResponsiWebLanjut-main\system\Common.php(728): CodeIgniter\Config\BaseService::__callStatic('language', Array)
#5 C:\xampp\htdocs\ResponsiWebLanjut-main\system\Exceptions\FrameworkException.php(33): lang('Core.invalidFil...', Array)
#6 C:\xampp\htdocs\ResponsiWebLanjut-main\system\View\View.php(198): CodeIgniter\Exceptions\FrameworkException::forInvalidFile('layouts/templat...')
#7 C:\xampp\htdocs\ResponsiWebLanjut-main\system\View\View.php(230): CodeIgniter\View\View->render('layouts/templat...', Array, true)
#8 C:\xampp\htdocs\ResponsiWebLanjut-main\system\Common.php(1092): CodeIgniter\View\View->render('view_admin', Array, true)
#9 C:\xampp\htdocs\ResponsiWebLanjut-main\app\Controllers\Templating.php(15): view('view_admin')
#10 C:\xampp\htdocs\ResponsiWebLanjut-main\system\CodeIgniter.php(802): App\Controllers\Templating->index()
#11 C:\xampp\htdocs\ResponsiWebLanjut-main\system\CodeIgniter.php(399): CodeIgniter\CodeIgniter->runController(Object(App\Controllers\Templating))
#12 C:\xampp\htdocs\ResponsiWebLanjut-main\system\CodeIgniter.php(317): CodeIgniter\CodeIgniter->handleRequest(NULL, Object(Config\Cache), false)
#13 C:\xampp\htdocs\ResponsiWebLanjut-main\public\index.php(37): CodeIgniter\CodeIgniter->run()
#14 C:\xampp\htdocs\ResponsiWebLanjut-main\system\Commands\Server\rewrite.php(43): require_once('C:\\xampp\\htdocs...')
#15 {main}
CRITICAL - 2021-09-23 10:50:38 --> Class "CodeIgniter\Language\Language" not found
#0 C:\xampp\htdocs\ResponsiWebLanjut-main\system\Config\BaseService.php(248): CodeIgniter\Config\Services::language('en', false)
#1 C:\xampp\htdocs\ResponsiWebLanjut-main\system\Config\BaseService.php(189): CodeIgniter\Config\BaseService::__callStatic('language', Array)
#2 C:\xampp\htdocs\ResponsiWebLanjut-main\system\Config\Services.php(339): CodeIgniter\Config\BaseService::getSharedInstance('language', NULL)
#3 C:\xampp\htdocs\ResponsiWebLanjut-main\system\Config\BaseService.php(248): CodeIgniter\Config\Services::language(NULL)
#4 C:\xampp\htdocs\ResponsiWebLanjut-main\system\Common.php(728): CodeIgniter\Config\BaseService::__callStatic('language', Array)
#5 C:\xampp\htdocs\ResponsiWebLanjut-main\system\Exceptions\FrameworkException.php(33): lang('Core.invalidFil...', Array)
#6 C:\xampp\htdocs\ResponsiWebLanjut-main\system\View\View.php(198): CodeIgniter\Exceptions\FrameworkException::forInvalidFile('layouts/templat...')
#7 C:\xampp\htdocs\ResponsiWebLanjut-main\system\View\View.php(230): CodeIgniter\View\View->render('layouts/templat...', Array, true)
#8 C:\xampp\htdocs\ResponsiWebLanjut-main\system\Common.php(1092): CodeIgniter\View\View->render('view_admin', Array, true)
#9 C:\xampp\htdocs\ResponsiWebLanjut-main\app\Controllers\Templating.php(15): view('view_admin')
#10 C:\xampp\htdocs\ResponsiWebLanjut-main\system\CodeIgniter.php(802): App\Controllers\Templating->index()
#11 C:\xampp\htdocs\ResponsiWebLanjut-main\system\CodeIgniter.php(399): CodeIgniter\CodeIgniter->runController(Object(App\Controllers\Templating))
#12 C:\xampp\htdocs\ResponsiWebLanjut-main\system\CodeIgniter.php(317): CodeIgniter\CodeIgniter->handleRequest(NULL, Object(Config\Cache), false)
#13 C:\xampp\htdocs\ResponsiWebLanjut-main\public\index.php(37): CodeIgniter\CodeIgniter->run()
#14 C:\xampp\htdocs\ResponsiWebLanjut-main\system\Commands\Server\rewrite.php(43): require_once('C:\\xampp\\htdocs...')
#15 {main}
CRITICAL - 2021-09-23 10:55:02 --> Class "CodeIgniter\Language\Language" not found
#0 C:\xampp\htdocs\ResponsiWebLanjut-main\system\Config\BaseService.php(248): CodeIgniter\Config\Services::language('en', false)
#1 C:\xampp\htdocs\ResponsiWebLanjut-main\system\Config\BaseService.php(189): CodeIgniter\Config\BaseService::__callStatic('language', Array)
#2 C:\xampp\htdocs\ResponsiWebLanjut-main\system\Config\Services.php(339): CodeIgniter\Config\BaseService::getSharedInstance('language', NULL)
#3 C:\xampp\htdocs\ResponsiWebLanjut-main\system\Config\BaseService.php(248): CodeIgniter\Config\Services::language(NULL)
#4 C:\xampp\htdocs\ResponsiWebLanjut-main\system\Common.php(728): CodeIgniter\Config\BaseService::__callStatic('language', Array)
#5 C:\xampp\htdocs\ResponsiWebLanjut-main\system\Exceptions\FrameworkException.php(33): lang('Core.invalidFil...', Array)
#6 C:\xampp\htdocs\ResponsiWebLanjut-main\system\View\View.php(198): CodeIgniter\Exceptions\FrameworkException::forInvalidFile('layouts/templat...')
#7 C:\xampp\htdocs\ResponsiWebLanjut-main\system\View\View.php(230): CodeIgniter\View\View->render('layouts/templat...', Array, true)
#8 C:\xampp\htdocs\ResponsiWebLanjut-main\system\Common.php(1092): CodeIgniter\View\View->render('view_admin', Array, true)
#9 C:\xampp\htdocs\ResponsiWebLanjut-main\app\Controllers\Templating.php(15): view('view_admin')
#10 C:\xampp\htdocs\ResponsiWebLanjut-main\system\CodeIgniter.php(802): App\Controllers\Templating->index()
#11 C:\xampp\htdocs\ResponsiWebLanjut-main\system\CodeIgniter.php(399): CodeIgniter\CodeIgniter->runController(Object(App\Controllers\Templating))
#12 C:\xampp\htdocs\ResponsiWebLanjut-main\system\CodeIgniter.php(317): CodeIgniter\CodeIgniter->handleRequest(NULL, Object(Config\Cache), false)
#13 C:\xampp\htdocs\ResponsiWebLanjut-main\public\index.php(37): CodeIgniter\CodeIgniter->run()
#14 C:\xampp\htdocs\ResponsiWebLanjut-main\system\Commands\Server\rewrite.php(43): require_once('C:\\xampp\\htdocs...')
#15 {main}
