CRITICAL - 2021-09-16 08:00:12 --> Request URI segment is out of range: 1
#0 C:\xampp\htdocs\CI4\system\HTTP\URI.php(529): CodeIgniter\HTTP\Exceptions\HTTPException::forURISegmentOutOfRange(1)
#1 C:\xampp\htdocs\CI4\app\Views\layout\header.php(26): CodeIgniter\HTTP\URI->getSegment(1)
#2 C:\xampp\htdocs\CI4\system\View\View.php(214): include('C:\\xampp\\htdocs...')
#3 C:\xampp\htdocs\CI4\system\View\View.php(217): CodeIgniter\View\View->CodeIgniter\View\{closure}()
#4 C:\xampp\htdocs\CI4\system\Common.php(1092): CodeIgniter\View\View->render('layout/header', Array, true)
#5 C:\xampp\htdocs\CI4\app\Controllers\PostController.php(12): view('layout/header', Array)
#6 C:\xampp\htdocs\CI4\system\CodeIgniter.php(802): App\Controllers\PostController->index()
#7 C:\xampp\htdocs\CI4\system\CodeIgniter.php(399): CodeIgniter\CodeIgniter->runController(Object(App\Controllers\PostController))
#8 C:\xampp\htdocs\CI4\system\CodeIgniter.php(317): CodeIgniter\CodeIgniter->handleRequest(NULL, Object(Config\Cache), false)
#9 C:\xampp\htdocs\CI4\public\index.php(37): CodeIgniter\CodeIgniter->run()
#10 C:\xampp\htdocs\CI4\system\Commands\Server\rewrite.php(43): require_once('C:\\xampp\\htdocs...')
#11 {main}
CRITICAL - 2021-09-16 08:02:33 --> Request URI segment is out of range: 1
#0 C:\xampp\htdocs\CI4\system\HTTP\URI.php(529): CodeIgniter\HTTP\Exceptions\HTTPException::forURISegmentOutOfRange(1)
#1 C:\xampp\htdocs\CI4\app\Views\layout\header.php(26): CodeIgniter\HTTP\URI->getSegment(1)
#2 C:\xampp\htdocs\CI4\system\View\View.php(214): include('C:\\xampp\\htdocs...')
#3 C:\xampp\htdocs\CI4\system\View\View.php(217): CodeIgniter\View\View->CodeIgniter\View\{closure}()
#4 C:\xampp\htdocs\CI4\system\Common.php(1092): CodeIgniter\View\View->render('layout/header', Array, true)
#5 C:\xampp\htdocs\CI4\app\Controllers\PostController.php(12): view('layout/header', Array)
#6 C:\xampp\htdocs\CI4\system\CodeIgniter.php(802): App\Controllers\PostController->index()
#7 C:\xampp\htdocs\CI4\system\CodeIgniter.php(399): CodeIgniter\CodeIgniter->runController(Object(App\Controllers\PostController))
#8 C:\xampp\htdocs\CI4\system\CodeIgniter.php(317): CodeIgniter\CodeIgniter->handleRequest(NULL, Object(Config\Cache), false)
#9 C:\xampp\htdocs\CI4\public\index.php(37): CodeIgniter\CodeIgniter->run()
#10 C:\xampp\htdocs\CI4\system\Commands\Server\rewrite.php(43): require_once('C:\\xampp\\htdocs...')
#11 {main}
CRITICAL - 2021-09-16 08:02:34 --> Request URI segment is out of range: 1
#0 C:\xampp\htdocs\CI4\system\HTTP\URI.php(529): CodeIgniter\HTTP\Exceptions\HTTPException::forURISegmentOutOfRange(1)
#1 C:\xampp\htdocs\CI4\app\Views\layout\header.php(26): CodeIgniter\HTTP\URI->getSegment(1)
#2 C:\xampp\htdocs\CI4\system\View\View.php(214): include('C:\\xampp\\htdocs...')
#3 C:\xampp\htdocs\CI4\system\View\View.php(217): CodeIgniter\View\View->CodeIgniter\View\{closure}()
#4 C:\xampp\htdocs\CI4\system\Common.php(1092): CodeIgniter\View\View->render('layout/header', Array, true)
#5 C:\xampp\htdocs\CI4\app\Controllers\PostController.php(12): view('layout/header', Array)
#6 C:\xampp\htdocs\CI4\system\CodeIgniter.php(802): App\Controllers\PostController->index()
#7 C:\xampp\htdocs\CI4\system\CodeIgniter.php(399): CodeIgniter\CodeIgniter->runController(Object(App\Controllers\PostController))
#8 C:\xampp\htdocs\CI4\system\CodeIgniter.php(317): CodeIgniter\CodeIgniter->handleRequest(NULL, Object(Config\Cache), false)
#9 C:\xampp\htdocs\CI4\public\index.php(37): CodeIgniter\CodeIgniter->run()
#10 C:\xampp\htdocs\CI4\system\Commands\Server\rewrite.php(43): require_once('C:\\xampp\\htdocs...')
#11 {main}
CRITICAL - 2021-09-16 08:02:35 --> Request URI segment is out of range: 1
#0 C:\xampp\htdocs\CI4\system\HTTP\URI.php(529): CodeIgniter\HTTP\Exceptions\HTTPException::forURISegmentOutOfRange(1)
#1 C:\xampp\htdocs\CI4\app\Views\layout\header.php(26): CodeIgniter\HTTP\URI->getSegment(1)
#2 C:\xampp\htdocs\CI4\system\View\View.php(214): include('C:\\xampp\\htdocs...')
#3 C:\xampp\htdocs\CI4\system\View\View.php(217): CodeIgniter\View\View->CodeIgniter\View\{closure}()
#4 C:\xampp\htdocs\CI4\system\Common.php(1092): CodeIgniter\View\View->render('layout/header', Array, true)
#5 C:\xampp\htdocs\CI4\app\Controllers\PostController.php(12): view('layout/header', Array)
#6 C:\xampp\htdocs\CI4\system\CodeIgniter.php(802): App\Controllers\PostController->index()
#7 C:\xampp\htdocs\CI4\system\CodeIgniter.php(399): CodeIgniter\CodeIgniter->runController(Object(App\Controllers\PostController))
#8 C:\xampp\htdocs\CI4\system\CodeIgniter.php(317): CodeIgniter\CodeIgniter->handleRequest(NULL, Object(Config\Cache), false)
#9 C:\xampp\htdocs\CI4\public\index.php(37): CodeIgniter\CodeIgniter->run()
#10 C:\xampp\htdocs\CI4\system\Commands\Server\rewrite.php(43): require_once('C:\\xampp\\htdocs...')
#11 {main}
CRITICAL - 2021-09-16 08:02:36 --> Request URI segment is out of range: 1
#0 C:\xampp\htdocs\CI4\system\HTTP\URI.php(529): CodeIgniter\HTTP\Exceptions\HTTPException::forURISegmentOutOfRange(1)
#1 C:\xampp\htdocs\CI4\app\Views\layout\header.php(26): CodeIgniter\HTTP\URI->getSegment(1)
#2 C:\xampp\htdocs\CI4\system\View\View.php(214): include('C:\\xampp\\htdocs...')
#3 C:\xampp\htdocs\CI4\system\View\View.php(217): CodeIgniter\View\View->CodeIgniter\View\{closure}()
#4 C:\xampp\htdocs\CI4\system\Common.php(1092): CodeIgniter\View\View->render('layout/header', Array, true)
#5 C:\xampp\htdocs\CI4\app\Controllers\PostController.php(12): view('layout/header', Array)
#6 C:\xampp\htdocs\CI4\system\CodeIgniter.php(802): App\Controllers\PostController->index()
#7 C:\xampp\htdocs\CI4\system\CodeIgniter.php(399): CodeIgniter\CodeIgniter->runController(Object(App\Controllers\PostController))
#8 C:\xampp\htdocs\CI4\system\CodeIgniter.php(317): CodeIgniter\CodeIgniter->handleRequest(NULL, Object(Config\Cache), false)
#9 C:\xampp\htdocs\CI4\public\index.php(37): CodeIgniter\CodeIgniter->run()
#10 C:\xampp\htdocs\CI4\system\Commands\Server\rewrite.php(43): require_once('C:\\xampp\\htdocs...')
#11 {main}
CRITICAL - 2021-09-16 08:02:36 --> Request URI segment is out of range: 1
#0 C:\xampp\htdocs\CI4\system\HTTP\URI.php(529): CodeIgniter\HTTP\Exceptions\HTTPException::forURISegmentOutOfRange(1)
#1 C:\xampp\htdocs\CI4\app\Views\layout\header.php(26): CodeIgniter\HTTP\URI->getSegment(1)
#2 C:\xampp\htdocs\CI4\system\View\View.php(214): include('C:\\xampp\\htdocs...')
#3 C:\xampp\htdocs\CI4\system\View\View.php(217): CodeIgniter\View\View->CodeIgniter\View\{closure}()
#4 C:\xampp\htdocs\CI4\system\Common.php(1092): CodeIgniter\View\View->render('layout/header', Array, true)
#5 C:\xampp\htdocs\CI4\app\Controllers\PostController.php(12): view('layout/header', Array)
#6 C:\xampp\htdocs\CI4\system\CodeIgniter.php(802): App\Controllers\PostController->index()
#7 C:\xampp\htdocs\CI4\system\CodeIgniter.php(399): CodeIgniter\CodeIgniter->runController(Object(App\Controllers\PostController))
#8 C:\xampp\htdocs\CI4\system\CodeIgniter.php(317): CodeIgniter\CodeIgniter->handleRequest(NULL, Object(Config\Cache), false)
#9 C:\xampp\htdocs\CI4\public\index.php(37): CodeIgniter\CodeIgniter->run()
#10 C:\xampp\htdocs\CI4\system\Commands\Server\rewrite.php(43): require_once('C:\\xampp\\htdocs...')
#11 {main}
CRITICAL - 2021-09-16 08:04:31 --> Request URI segment is out of range: 1
#0 C:\xampp\htdocs\CI4\system\HTTP\URI.php(529): CodeIgniter\HTTP\Exceptions\HTTPException::forURISegmentOutOfRange(1)
#1 C:\xampp\htdocs\CI4\app\Views\layout\header.php(26): CodeIgniter\HTTP\URI->getSegment(1)
#2 C:\xampp\htdocs\CI4\system\View\View.php(214): include('C:\\xampp\\htdocs...')
#3 C:\xampp\htdocs\CI4\system\View\View.php(217): CodeIgniter\View\View->CodeIgniter\View\{closure}()
#4 C:\xampp\htdocs\CI4\system\Common.php(1092): CodeIgniter\View\View->render('layout/header', Array, true)
#5 C:\xampp\htdocs\CI4\app\Controllers\PostController.php(12): view('layout/header', Array)
#6 C:\xampp\htdocs\CI4\system\CodeIgniter.php(802): App\Controllers\PostController->index()
#7 C:\xampp\htdocs\CI4\system\CodeIgniter.php(399): CodeIgniter\CodeIgniter->runController(Object(App\Controllers\PostController))
#8 C:\xampp\htdocs\CI4\system\CodeIgniter.php(317): CodeIgniter\CodeIgniter->handleRequest(NULL, Object(Config\Cache), false)
#9 C:\xampp\htdocs\CI4\public\index.php(37): CodeIgniter\CodeIgniter->run()
#10 C:\xampp\htdocs\CI4\system\Commands\Server\rewrite.php(43): require_once('C:\\xampp\\htdocs...')
#11 {main}
